Build started 10/18/2015 7:16:40 PM.
     1>Project "C:\Users\gleyz_000\Desktop\coursenidFinal\Shenkar_CourseBidSystem\CourseBid_StorageTest\CourseBid_StorageTest.vcxproj" on node 4 (Rebuild target(s)).
     1>ClCompile:
         C:\Program Files (x86)\Microsoft Visual Studio 12.0\VC\bin\CL.exe /c /I"C:\Program Files (x86)\Microsoft Visual Studio 12.0\VC\UnitTest\include" /Zi /nologo /W3 /WX- /O2 /Oi /Oy- /GL /D WIN32 /D NDEBUG /D _WINDLL /D _UNICODE /D UNICODE /Gm- /EHsc /MD /GS /Gy /fp:precise /Zc:wchar_t /Zc:forScope /Yc"stdafx.h" /Fp"Release\CourseBid_StorageTest.pch" /Fo"Release\\" /Fd"Release\vc120.pdb" /Gd /TP /analyze- /FC /errorReport:prompt stdafx.cpp
         stdafx.cpp
         C:\Program Files (x86)\Microsoft Visual Studio 12.0\VC\bin\CL.exe /c /I"C:\Program Files (x86)\Microsoft Visual Studio 12.0\VC\UnitTest\include" /Zi /nologo /W3 /WX- /O2 /Oi /Oy- /GL /D WIN32 /D NDEBUG /D _WINDLL /D _UNICODE /D UNICODE /Gm- /EHsc /MD /GS /Gy /fp:precise /Zc:wchar_t /Zc:forScope /Yu"stdafx.h" /Fp"Release\CourseBid_StorageTest.pch" /Fo"Release\\" /Fd"Release\vc120.pdb" /Gd /TP /analyze- /FC /errorReport:prompt ..\CourseBid_Storage\DBEventLog.cpp ..\CourseBid_Storage\FileStorage.cpp FileStorageTest.cpp
         DBEventLog.cpp
     1>c:\users\gleyz_000\desktop\coursenidfinal\shenkar_coursebidsystem\coursebid_storage\dbeventlog.cpp(11): warning C4627: '#include "DBEventLog.h"': skipped when looking for precompiled header use
                 Add directive to 'stdafx.h' or rebuild precompiled header
     1>c:\users\gleyz_000\desktop\coursenidfinal\shenkar_coursebidsystem\coursebid_storage\dbeventlog.cpp(43): fatal error C1010: unexpected end of file while looking for precompiled header. Did you forget to add '#include "stdafx.h"' to your source?
         FileStorage.cpp
     1>c:\users\gleyz_000\desktop\coursenidfinal\shenkar_coursebidsystem\coursebid_storage\filestorage.cpp(11): warning C4627: '#include "FileStorage.h"': skipped when looking for precompiled header use
                 Add directive to 'stdafx.h' or rebuild precompiled header
     1>c:\users\gleyz_000\desktop\coursenidfinal\shenkar_coursebidsystem\coursebid_storage\filestorage.cpp(12): warning C4627: '#include <fstream>': skipped when looking for precompiled header use
                 Add directive to 'stdafx.h' or rebuild precompiled header
     1>c:\users\gleyz_000\desktop\coursenidfinal\shenkar_coursebidsystem\coursebid_storage\filestorage.cpp(14): warning C4627: '#include <sys/stat.h>': skipped when looking for precompiled header use
                 Add directive to 'stdafx.h' or rebuild precompiled header
     1>c:\users\gleyz_000\desktop\coursenidfinal\shenkar_coursebidsystem\coursebid_storage\filestorage.cpp(290): fatal error C1010: unexpected end of file while looking for precompiled header. Did you forget to add '#include "stdafx.h"' to your source?
         FileStorageTest.cpp
     1>c:\users\gleyz_000\desktop\coursenidfinal\shenkar_coursebidsystem\coursebid_storagetest\filestoragetest.cpp(14): fatal error C1083: Cannot open include file: 'DBEventLog.h': No such file or directory
     1>Done Building Project "C:\Users\gleyz_000\Desktop\coursenidFinal\Shenkar_CourseBidSystem\CourseBid_StorageTest\CourseBid_StorageTest.vcxproj" (Rebuild target(s)) -- FAILED.

Build FAILED.

Time Elapsed 00:00:01.43
