Build started 10/18/2015 7:16:39 PM.
     1>Project "C:\Users\gleyz_000\Desktop\coursenidFinal\Shenkar_CourseBidSystem\CourseBid_UtilsTest\CourseBid_UtilsTest.vcxproj" on node 3 (Rebuild target(s)).
     1>ClCompile:
         C:\Program Files (x86)\Microsoft Visual Studio 12.0\VC\bin\CL.exe /c /I"C:\Program Files (x86)\Microsoft Visual Studio 12.0\VC\UnitTest\include" /Zi /nologo /W3 /WX- /O2 /Oi /Oy- /GL /D WIN32 /D NDEBUG /D _WINDLL /D _UNICODE /D UNICODE /Gm- /EHsc /MD /GS /Gy /fp:precise /Zc:wchar_t /Zc:forScope /Yc"stdafx.h" /Fp"Release\CourseBid_UtilsTest.pch" /Fo"Release\\" /Fd"Release\vc120.pdb" /Gd /TP /analyze- /FC /errorReport:prompt stdafx.cpp
         stdafx.cpp
         C:\Program Files (x86)\Microsoft Visual Studio 12.0\VC\bin\CL.exe /c /I"C:\Program Files (x86)\Microsoft Visual Studio 12.0\VC\UnitTest\include" /Zi /nologo /W3 /WX- /O2 /Oi /Oy- /GL /D WIN32 /D NDEBUG /D _WINDLL /D _UNICODE /D UNICODE /Gm- /EHsc /MD /GS /Gy /fp:precise /Zc:wchar_t /Zc:forScope /Yu"stdafx.h" /Fp"Release\CourseBid_UtilsTest.pch" /Fo"Release\\" /Fd"Release\vc120.pdb" /Gd /TP /analyze- /FC /errorReport:prompt ..\CourseBid_Utils\Lexer.cpp ..\CourseBid_Utils\Parser.cpp ..\CourseBid_Utils\Token.cpp ParserTest.cpp
         Lexer.cpp
     1>c:\users\gleyz_000\desktop\coursenidfinal\shenkar_coursebidsystem\coursebid_utils\lexer.cpp(11): warning C4627: '#include "Lexer.h"': skipped when looking for precompiled header use
                 Add directive to 'stdafx.h' or rebuild precompiled header
     1>c:\users\gleyz_000\desktop\coursenidfinal\shenkar_coursebidsystem\coursebid_utils\lexer.cpp(183): fatal error C1010: unexpected end of file while looking for precompiled header. Did you forget to add '#include "stdafx.h"' to your source?
         Parser.cpp
     1>c:\users\gleyz_000\desktop\coursenidfinal\shenkar_coursebidsystem\coursebid_utils\parser.cpp(11): warning C4627: '#include "Parser.h"': skipped when looking for precompiled header use
                 Add directive to 'stdafx.h' or rebuild precompiled header
     1>c:\users\gleyz_000\desktop\coursenidfinal\shenkar_coursebidsystem\coursebid_utils\parser.cpp(385): fatal error C1010: unexpected end of file while looking for precompiled header. Did you forget to add '#include "stdafx.h"' to your source?
         Token.cpp
     1>c:\users\gleyz_000\desktop\coursenidfinal\shenkar_coursebidsystem\coursebid_utils\token.cpp(1): warning C4627: '#include "Token.h"': skipped when looking for precompiled header use
                 Add directive to 'stdafx.h' or rebuild precompiled header
     1>c:\users\gleyz_000\desktop\coursenidfinal\shenkar_coursebidsystem\coursebid_utils\token.cpp(8): fatal error C1010: unexpected end of file while looking for precompiled header. Did you forget to add '#include "stdafx.h"' to your source?
         ParserTest.cpp
     1>c:\users\gleyz_000\desktop\coursenidfinal\shenkar_coursebidsystem\coursebid_utilstest\parsertest.cpp(14): fatal error C1083: Cannot open include file: 'Lexer.h': No such file or directory
     1>Done Building Project "C:\Users\gleyz_000\Desktop\coursenidFinal\Shenkar_CourseBidSystem\CourseBid_UtilsTest\CourseBid_UtilsTest.vcxproj" (Rebuild target(s)) -- FAILED.

Build FAILED.

Time Elapsed 00:00:00.82
